2023-07-24 00:03:01,223 [ERROR] LogOutputStream:75 - [STDERR_REDIRECT] 
2023-07-24 15:33:43,985 [INFO] Activator:176 - 


2023-07-24 15:33:43,989 [INFO] Activator:177 - !SESSION log4j initialized
2023-07-24 15:33:54,133 [INFO] LogOutputStream:77 - [STDOUT_REDIRECT] 
2023-07-24 15:33:57,392 [INFO] ApplicationProperties:184 - Using Application install path: /opt/st/stm32cubeide_1.13.0/plugins/com.st.stm32cube.common.mx_6.9.0.202307051724
2023-07-24 15:33:57,448 [INFO] DbMcusXml:78 - Set database path to: /opt/st/stm32cubeide_1.13.0/plugins/com.st.stm32cube.common.mx_6.9.0.202307051724//db//mcu/
2023-07-24 15:33:57,449 [INFO] ApiDb:274 - Set plugin database path to: /opt/st/stm32cubeide_1.13.0/plugins/com.st.stm32cube.common.mx_6.9.0.202307051724//db//plugins/boardmanager/
2023-07-24 15:33:57,450 [WARN] ApiDb:259 - Overriding images path with different value:  => /opt/st/stm32cubeide_1.13.0/plugins/com.st.stm32cube.common.mx_6.9.0.202307051724//db//plugins/mcufinder/images/
2023-07-24 15:33:57,495 [INFO] ApiDb:250 - Set database path to: /home/fm/.stmcufinder/plugins/mcufinder//mcu/
2023-07-24 15:33:57,497 [INFO] DbMcusAds:125 - Set database path to: /home/fm/.stmcufinder/plugins/mcufinder//mcu/
2023-07-24 15:33:58,512 [INFO] CrossReferenceDbSqlite:203 - Set database path to: /home/fm/.stmcufinder/plugins/mcufinder//mcu/cs/
2023-07-24 15:33:58,771 [INFO] RulesReader:64 - Compatibility file has been processed (293 Rules)
2023-07-24 15:33:58,968 [INFO] DbMcusXml:78 - Set database path to: /opt/st/stm32cubeide_1.13.0/plugins/com.st.stm32cube.common.mx_6.9.0.202307051724//db//mcu/
2023-07-24 15:33:58,968 [INFO] ApiDb:274 - Set plugin database path to: /opt/st/stm32cubeide_1.13.0/plugins/com.st.stm32cube.common.mx_6.9.0.202307051724//db//plugins/boardmanager/
2023-07-24 15:33:58,969 [INFO] ApiDb:261 - Set plugin images path to: /opt/st/stm32cubeide_1.13.0/plugins/com.st.stm32cube.common.mx_6.9.0.202307051724//db//plugins/mcufinder/images/
2023-07-24 15:33:58,969 [WARN] DbFile:41 - Overriding database path with different value: /home/fm/.stmcufinder/plugins/mcufinder/ => /home/fm/.stmcufinder/plugins/mcufinder
2023-07-24 15:33:58,969 [INFO] ApiDb:250 - Set database path to: /home/fm/.stmcufinder/plugins/mcufinder//mcu/
2023-07-24 15:33:58,970 [WARN] DbFile:41 - Overriding database path with different value: /home/fm/.stmcufinder/plugins/mcufinder/ => /home/fm/.stmcufinder/plugins/mcufinder
2023-07-24 15:33:58,970 [INFO] DbMcusAds:125 - Set database path to: /home/fm/.stmcufinder/plugins/mcufinder//mcu/
2023-07-24 15:33:58,970 [WARN] DbFile:41 - Overriding database path with different value: /home/fm/.stmcufinder/plugins/mcufinder/ => /home/fm/.stmcufinder/plugins/mcufinder
2023-07-24 15:33:58,970 [WARN] DbFile:41 - Overriding database path with different value: /home/fm/.stmcufinder/plugins/mcufinder/ => /home/fm/.stmcufinder/plugins/mcufinder
2023-07-24 15:33:59,972 [INFO] CrossReferenceDbSqlite:203 - Set database path to: /home/fm/.stmcufinder/plugins/mcufinder//mcu/cs/
2023-07-24 15:34:00,237 [INFO] MainPanel:262 - HeapMemory: 268435456
2023-07-24 15:34:00,720 [INFO] DbMcusXml:78 - Set database path to: /opt/st/stm32cubeide_1.13.0/plugins/com.st.stm32cube.common.mx_6.9.0.202307051724//db//mcu/
2023-07-24 15:34:00,720 [INFO] ApiDb:274 - Set plugin database path to: /opt/st/stm32cubeide_1.13.0/plugins/com.st.stm32cube.common.mx_6.9.0.202307051724//db//plugins/boardmanager/
2023-07-24 15:34:00,721 [INFO] ApiDb:261 - Set plugin images path to: /opt/st/stm32cubeide_1.13.0/plugins/com.st.stm32cube.common.mx_6.9.0.202307051724//db//plugins/mcufinder/images/
2023-07-24 15:34:00,723 [WARN] DbFile:41 - Overriding database path with different value: /home/fm/.stmcufinder/plugins/mcufinder/ => /home/fm/.stmcufinder/plugins/mcufinder
2023-07-24 15:34:00,724 [INFO] ApiDb:250 - Set database path to: /home/fm/.stmcufinder/plugins/mcufinder//mcu/
2023-07-24 15:34:00,724 [WARN] DbFile:41 - Overriding database path with different value: /home/fm/.stmcufinder/plugins/mcufinder/ => /home/fm/.stmcufinder/plugins/mcufinder
2023-07-24 15:34:00,724 [INFO] DbMcusAds:125 - Set database path to: /home/fm/.stmcufinder/plugins/mcufinder//mcu/
2023-07-24 15:34:00,724 [WARN] DbFile:41 - Overriding database path with different value: /home/fm/.stmcufinder/plugins/mcufinder/ => /home/fm/.stmcufinder/plugins/mcufinder
2023-07-24 15:34:00,725 [WARN] DbFile:41 - Overriding database path with different value: /home/fm/.stmcufinder/plugins/mcufinder/ => /home/fm/.stmcufinder/plugins/mcufinder
2023-07-24 15:34:01,726 [INFO] CrossReferenceDbSqlite:203 - Set database path to: /home/fm/.stmcufinder/plugins/mcufinder//mcu/cs/
2023-07-24 15:34:01,781 [INFO] ApplicationProperties:184 - Using Application install path: /opt/st/stm32cubeide_1.13.0/plugins/com.st.stm32cube.common.mx_6.9.0.202307051724
2023-07-24 15:34:01,784 [INFO] PluginManage:196 - Search for loadable plugins [exclusion list=, ]
2023-07-24 15:34:01,788 [INFO] PluginManage:310 - Check plugin analytics
2023-07-24 15:34:03,203 [INFO] AnalyticsPlugin:253 - Accepted Software Licenses: 
2023-07-24 15:34:03,203 [INFO] AnalyticsPlugin:255 - Accepted CMSIS Pack Licenses: STMicroelectronics.X-CUBE-MEMS1.9.6.0
2023-07-24 15:34:03,203 [INFO] AnalyticsPlugin:257 - Accepted Firmware Licenses: FW.F4.1.27.0
2023-07-24 15:34:03,205 [INFO] PluginManage:359 - Loaded plugin analytics (category:tool,tabindex:-1)
2023-07-24 15:34:03,205 [INFO] PluginManage:310 - Check plugin cadmodel
2023-07-24 15:34:03,350 [INFO] CADModel:105 - Init CAD model plugin
2023-07-24 15:34:03,350 [INFO] PluginManage:359 - Loaded plugin cadmodel (category:power,tabindex:5)
2023-07-24 15:34:03,351 [INFO] PluginManage:310 - Check plugin clock
2023-07-24 15:34:03,396 [INFO] PluginManage:359 - Loaded plugin clock (category:base,tabindex:2)
2023-07-24 15:34:03,396 [INFO] PluginManage:310 - Check plugin ddr
2023-07-24 15:34:03,407 [INFO] PluginManage:359 - Loaded plugin ddr (category:tool,tabindex:6)
2023-07-24 15:34:03,407 [INFO] PluginManage:310 - Check plugin filemanager
2023-07-24 15:34:03,756 [INFO] PluginManage:359 - Loaded plugin filemanager (category:base,tabindex:10)
2023-07-24 15:34:03,757 [INFO] PluginManage:310 - Check plugin ipmanager
2023-07-24 15:34:03,774 [INFO] PluginManage:359 - Loaded plugin ipmanager (category:base,tabindex:5)
2023-07-24 15:34:03,775 [INFO] PluginManage:310 - Check plugin lpbam
2023-07-24 15:34:03,820 [INFO] PluginManage:359 - Loaded plugin lpbam (category:base,tabindex:0)
2023-07-24 15:34:03,821 [INFO] PluginManage:310 - Check plugin memorymap
2023-07-24 15:34:03,861 [INFO] PluginManage:359 - Loaded plugin memorymap (category:base,tabindex:4)
2023-07-24 15:34:03,862 [INFO] PluginManage:310 - Check plugin pinoutandconfiguration
2023-07-24 15:34:03,893 [INFO] PluginManage:359 - Loaded plugin pinoutandconfiguration (category:base,tabindex:1)
2023-07-24 15:34:03,893 [INFO] PluginManage:310 - Check plugin pinoutconfig
2023-07-24 15:34:04,066 [WARN] SupportedApi:132 - Cannot load RTOS API schema: s4s-elt-must-match.1: The content of 'definitions' must match (annotation?, (simpleType | complexType)?, (unique | key | keyref)*)). A problem was found starting at: attribute.
2023-07-24 15:34:04,370 [INFO] PluginManage:359 - Loaded plugin pinoutconfig (category:base,tabindex:0)
2023-07-24 15:34:04,370 [INFO] PluginManage:310 - Check plugin power
2023-07-24 15:34:04,426 [INFO] PluginManage:359 - Loaded plugin power (category:power,tabindex:4)
2023-07-24 15:34:04,426 [INFO] PluginManage:310 - Check plugin projectmanager
2023-07-24 15:34:04,455 [INFO] PluginManage:359 - Loaded plugin projectmanager (category:projectmanager,tabindex:3)
2023-07-24 15:34:04,455 [INFO] PluginManage:310 - Check plugin thirdparty
2023-07-24 15:34:04,878 [INFO] PluginManage:359 - Loaded plugin thirdparty (category:base,tabindex:-1)
2023-07-24 15:34:04,878 [WARN] IntegrityCheckThread:84 - waiting for thirdparty lock release [integrity check]
2023-07-24 15:34:04,878 [INFO] PluginManage:310 - Check plugin tools
2023-07-24 15:34:04,878 [INFO] IntegrityCheckThread:86 - entering critical section [integrity check]
2023-07-24 15:34:04,879 [INFO] ThirdPartyUpdaterWithRetryManager:70 - Updater plugin not ready yet. [1/15]
2023-07-24 15:34:04,906 [INFO] PluginManage:359 - Loaded plugin tools (category:base,tabindex:7)
2023-07-24 15:34:04,906 [INFO] PluginManage:310 - Check plugin tutovideos
2023-07-24 15:34:05,403 [INFO] PluginManage:359 - Loaded plugin tutovideos (category:base,tabindex:-1)
2023-07-24 15:34:05,403 [INFO] PluginManage:310 - Check plugin updater
2023-07-24 15:34:05,440 [INFO] PluginManage:359 - Loaded plugin updater (category:base,tabindex:12)
2023-07-24 15:34:05,440 [INFO] PluginManage:310 - Check plugin userauth
2023-07-24 15:34:05,452 [INFO] UserAuth:113 - Init User Auth plugin
2023-07-24 15:34:05,453 [INFO] PluginManage:359 - Loaded plugin userauth (category:base,tabindex:14)
2023-07-24 15:34:05,454 [INFO] PluginManage:283 - PluginManage : Loaded plugins [17]
2023-07-24 15:34:05,979 [INFO] PinOutPanel:1499 - setPackage(No Configuration,No Configuration)
2023-07-24 15:34:06,195 [INFO] CADModel:165 - CPN selected for project level
2023-07-24 15:34:06,195 [INFO] CADModel:114 - Register for checkConnection events
2023-07-24 15:34:06,243 [INFO] IPUIPlugin:80 - create IPUIPlugin
2023-07-24 15:34:06,243 [INFO] PluginManager:220 - loadIPPluginJar : add hash
2023-07-24 15:34:06,257 [INFO] IPUIPlugin:80 - create IPUIPlugin
2023-07-24 15:34:06,257 [INFO] PluginManager:220 - loadIPPluginJar : add opamp
2023-07-24 15:34:06,267 [INFO] IPUIPlugin:80 - create IPUIPlugin
2023-07-24 15:34:06,267 [INFO] PluginManager:220 - loadIPPluginJar : add usbx
2023-07-24 15:34:06,284 [INFO] IPUIPlugin:80 - create IPUIPlugin
2023-07-24 15:34:06,284 [INFO] PluginManager:220 - loadIPPluginJar : add resmgrutility
2023-07-24 15:34:06,292 [INFO] IPUIPlugin:80 - create IPUIPlugin
2023-07-24 15:34:06,292 [INFO] PluginManager:220 - loadIPPluginJar : add tracer_emb
2023-07-24 15:34:06,303 [INFO] IPUIPlugin:80 - create IPUIPlugin
2023-07-24 15:34:06,303 [INFO] PluginManager:220 - loadIPPluginJar : add fmc
2023-07-24 15:34:06,323 [INFO] IPUIPlugin:80 - create IPUIPlugin
2023-07-24 15:34:06,326 [INFO] PluginManager:220 - loadIPPluginJar : add nvic
2023-07-24 15:34:06,337 [INFO] IPUIPlugin:80 - create IPUIPlugin
2023-07-24 15:34:06,338 [INFO] PluginManager:220 - loadIPPluginJar : add openamp
2023-07-24 15:34:06,346 [INFO] IPUIPlugin:80 - create IPUIPlugin
2023-07-24 15:34:06,346 [INFO] PluginManager:220 - loadIPPluginJar : add i3c
2023-07-24 15:34:06,370 [INFO] IPUIPlugin:80 - create IPUIPlugin
2023-07-24 15:34:06,371 [INFO] PluginManager:220 - loadIPPluginJar : add freertos
2023-07-24 15:34:06,389 [INFO] IPUIPlugin:80 - create IPUIPlugin
2023-07-24 15:34:06,390 [INFO] PluginManager:220 - loadIPPluginJar : add linkedlist
2023-07-24 15:34:06,396 [INFO] IPUIPlugin:80 - create IPUIPlugin
2023-07-24 15:34:06,396 [INFO] PluginManager:220 - loadIPPluginJar : add ltdc
2023-07-24 15:34:06,403 [INFO] IPUIPlugin:80 - create IPUIPlugin
2023-07-24 15:34:06,404 [INFO] PluginManager:220 - loadIPPluginJar : add dfsdm
2023-07-24 15:34:06,411 [INFO] IPUIPlugin:80 - create IPUIPlugin
2023-07-24 15:34:06,412 [INFO] PluginManager:220 - loadIPPluginJar : add lorawan
2023-07-24 15:34:06,418 [INFO] IPUIPlugin:80 - create IPUIPlugin
2023-07-24 15:34:06,419 [INFO] PluginManager:220 - loadIPPluginJar : add tim
2023-07-24 15:34:06,434 [INFO] IPUIPlugin:80 - create IPUIPlugin
2023-07-24 15:34:06,434 [INFO] PluginManager:220 - loadIPPluginJar : add gtzc
2023-07-24 15:34:06,456 [INFO] IPUIPlugin:80 - create IPUIPlugin
2023-07-24 15:34:06,456 [INFO] PluginManager:220 - loadIPPluginJar : add gpio
2023-07-24 15:34:06,463 [INFO] IPUIPlugin:80 - create IPUIPlugin
2023-07-24 15:34:06,463 [INFO] PluginManager:220 - loadIPPluginJar : add ts
2023-07-24 15:34:06,501 [INFO] IPUIPlugin:80 - create IPUIPlugin
2023-07-24 15:34:06,505 [INFO] PluginManager:220 - loadIPPluginJar : add plateformsettings
2023-07-24 15:34:06,510 [INFO] IPUIPlugin:80 - create IPUIPlugin
2023-07-24 15:34:06,510 [INFO] PluginManager:220 - loadIPPluginJar : add quadspi
2023-07-24 15:34:06,521 [INFO] IPUIPlugin:80 - create IPUIPlugin
2023-07-24 15:34:06,522 [INFO] PluginManager:220 - loadIPPluginJar : add gic
2023-07-24 15:34:06,526 [INFO] IPUIPlugin:80 - create IPUIPlugin
2023-07-24 15:34:06,526 [INFO] PluginManager:220 - loadIPPluginJar : add fatfs
2023-07-24 15:34:06,550 [INFO] IPUIPlugin:80 - create IPUIPlugin
2023-07-24 15:34:06,551 [INFO] PluginManager:220 - loadIPPluginJar : add dma
2023-07-24 15:34:06,561 [INFO] IPUIPlugin:80 - create IPUIPlugin
2023-07-24 15:34:06,561 [INFO] PluginManager:220 - loadIPPluginJar : add sai
2023-07-24 15:34:06,570 [INFO] IPUIPlugin:80 - create IPUIPlugin
2023-07-24 15:34:06,571 [INFO] PluginManager:220 - loadIPPluginJar : add gfxmmu
2023-07-24 15:34:06,579 [INFO] IPUIPlugin:80 - create IPUIPlugin
2023-07-24 15:34:06,579 [INFO] PluginManager:220 - loadIPPluginJar : add aes
2023-07-24 15:34:06,583 [INFO] IPUIPlugin:80 - create IPUIPlugin
2023-07-24 15:34:06,584 [INFO] PluginManager:220 - loadIPPluginJar : add genericplugin
2023-07-24 15:34:06,594 [INFO] IPUIPlugin:80 - create IPUIPlugin
2023-07-24 15:34:06,595 [INFO] PluginManager:220 - loadIPPluginJar : add pdm2pcm
2023-07-24 15:34:06,603 [INFO] IPUIPlugin:80 - create IPUIPlugin
2023-07-24 15:34:06,603 [INFO] PluginManager:220 - loadIPPluginJar : add can
2023-07-24 15:34:06,610 [INFO] IPUIPlugin:80 - create IPUIPlugin
2023-07-24 15:34:06,610 [INFO] PluginManager:220 - loadIPPluginJar : add ucpd
2023-07-24 15:34:06,622 [INFO] IPUIPlugin:80 - create IPUIPlugin
2023-07-24 15:34:06,623 [INFO] PluginManager:220 - loadIPPluginJar : add stm32_wpan
2023-07-24 15:34:06,631 [INFO] IPUIPlugin:80 - create IPUIPlugin
2023-07-24 15:34:06,631 [INFO] PluginManager:220 - loadIPPluginJar : add i2s
2023-07-24 15:34:06,643 [INFO] IPUIPlugin:80 - create IPUIPlugin
2023-07-24 15:34:06,643 [INFO] PluginManager:220 - loadIPPluginJar : add touchsensing
2023-07-24 15:34:06,653 [INFO] IPUIPlugin:80 - create IPUIPlugin
2023-07-24 15:34:06,653 [INFO] PluginManager:220 - loadIPPluginJar : add ipddr
2023-07-24 15:34:06,661 [INFO] IPUIPlugin:80 - create IPUIPlugin
2023-07-24 15:34:06,661 [INFO] PluginManager:220 - loadIPPluginJar : add cryp
2023-07-24 15:34:06,668 [INFO] IPUIPlugin:80 - create IPUIPlugin
2023-07-24 15:34:06,668 [INFO] PluginManager:220 - loadIPPluginJar : add tsc
2023-07-24 15:34:06,690 [INFO] IPUIPlugin:80 - create IPUIPlugin
2023-07-24 15:34:06,690 [INFO] PluginManager:220 - loadIPPluginJar : add mdma
2023-07-24 15:34:06,694 [INFO] IPUIPlugin:80 - create IPUIPlugin
2023-07-24 15:34:06,695 [INFO] PluginManager:220 - loadIPPluginJar : add comp
2023-07-24 15:34:06,704 [INFO] IPUIPlugin:80 - create IPUIPlugin
2023-07-24 15:34:06,705 [INFO] PluginManager:220 - loadIPPluginJar : add dma3
2023-07-24 15:34:06,712 [INFO] IPUIPlugin:80 - create IPUIPlugin
2023-07-24 15:34:06,712 [INFO] PluginManager:220 - loadIPPluginJar : add usart
2023-07-24 15:34:06,728 [INFO] IPUIPlugin:80 - create IPUIPlugin
2023-07-24 15:34:06,728 [INFO] PluginManager:220 - loadIPPluginJar : add adc
2023-07-24 15:34:06,735 [INFO] IPUIPlugin:80 - create IPUIPlugin
2023-07-24 15:34:06,735 [INFO] PluginManager:220 - loadIPPluginJar : add spi
2023-07-24 15:34:06,742 [INFO] IPUIPlugin:80 - create IPUIPlugin
2023-07-24 15:34:06,743 [INFO] PluginManager:220 - loadIPPluginJar : add i2c
2023-07-24 15:34:06,875 [INFO] CADModel:165 - CPN selected for project level
2023-07-24 15:34:06,875 [INFO] CADModel:114 - Register for checkConnection events
2023-07-24 15:34:06,876 [FATAL] Updater:308 - Updater called before beeing initialized
2023-07-24 15:34:06,876 [ERROR] CADModel:125 - Updater not yet initialized, retry later 
2023-07-24 15:34:07,225 [INFO] CADModel:165 - CPN selected for project level
2023-07-24 15:34:07,225 [INFO] CADModel:114 - Register for checkConnection events
2023-07-24 15:34:07,225 [FATAL] Updater:308 - Updater called before beeing initialized
2023-07-24 15:34:07,225 [ERROR] CADModel:125 - Updater not yet initialized, retry later 
2023-07-24 15:34:07,228 [FATAL] Updater:308 - Updater called before beeing initialized
2023-07-24 15:34:07,350 [FATAL] Updater:308 - Updater called before beeing initialized
2023-07-24 15:34:07,356 [INFO] DbMcusAds:53 - JSON generation date=Tue Mar 07 05:50:55 ART 2023 (1678179055114)
2023-07-24 15:34:07,356 [FATAL] Updater:308 - Updater called before beeing initialized
2023-07-24 15:34:07,484 [WARN] DetailPanel:346 - Failed to get advertising image, set to default
2023-07-24 15:34:07,601 [FATAL] Updater:308 - Updater called before beeing initialized
2023-07-24 15:34:07,605 [FATAL] Updater:308 - Updater called before beeing initialized
2023-07-24 15:34:07,605 [FATAL] Updater:308 - Updater called before beeing initialized
2023-07-24 15:34:07,606 [WARN] DetailPanel:346 - Failed to get advertising image, set to default
2023-07-24 15:34:07,606 [FATAL] Updater:308 - Updater called before beeing initialized
2023-07-24 15:34:07,646 [ERROR] Updater:1120 - MainUpdater not yet initialized. External WinMGr cannot be set.
2023-07-24 15:34:07,650 [INFO] Updater:1056 - Updater Version found : 6.9.0
2023-07-24 15:34:07,704 [INFO] ApplicationProperties:184 - Using Application install path: /opt/st/stm32cubeide_1.13.0/plugins/com.st.stm32cube.common.mx_6.9.0.202307051724
2023-07-24 15:34:07,880 [INFO] ThirdPartyUpdaterWithRetryManager:70 - Updater plugin not ready yet. [2/15]
2023-07-24 15:34:08,314 [INFO] MainUpdater:2868 - connection check result : 10
2023-07-24 15:34:08,316 [INFO] MainUpdater:285 - Updater Check For Update Now.
2023-07-24 15:34:08,316 [INFO] MicroXplorer:498 - Change Database Version : DB.6.0.90
2023-07-24 15:34:08,327 [INFO] McuFinderGlobals:63 - Set McuFinder mode to 2 (CubeIDE integrated)
2023-07-24 15:34:08,327 [INFO] UserAuth:179 - activating auth plugin
2023-07-24 15:34:08,332 [INFO] UserAuth:393 - Internet connection configuration mode: 1
2023-07-24 15:34:08,433 [INFO] JxBrowserEngine:151 - Initiate JxBrowser Engine with user profile folder
2023-07-24 15:34:08,577 [INFO] CheckServerUpdateThread:120 - End of CheckServer Thread
2023-07-24 15:34:09,365 [ERROR] ConfigurationRetriever:142 - IOException on connection: Read timed out
2023-07-24 15:34:12,225 [WARN] PackLoader:240 - Cannot read IP mode file for STMicroelectronics.X-CUBE-SMBUS.2.1.0
2023-07-24 15:34:12,338 [WARN] PackLoader:240 - Cannot read IP mode file for STMicroelectronics.X-CUBE-AZRTOS-F7.1.1.0
2023-07-24 15:34:12,366 [WARN] PackLoader:240 - Cannot read IP mode file for STMicroelectronics.FP-SNS-MOTENV1.4.3.2
2023-07-24 15:34:12,381 [ERROR] RealEvaluatedCondition:428 - Found unsupported composite condition: CLASS='Data Exchange' GROUP='STM32_MetaDataManager'
2023-07-24 15:34:12,381 [ERROR] RealEvaluatedCondition:428 - Found unsupported composite condition: CLASS='Data Exchange' GROUP='STM32_MetaDataManager'
2023-07-24 15:34:12,384 [WARN] PackLoader:240 - Cannot read IP mode file for STMicroelectronics.FP-SNS-MOTENV1.4.3.1
2023-07-24 15:34:12,397 [WARN] PackLoader:240 - Cannot read IP mode file for STMicroelectronics.FP-SNS-FLIGHT1.5.0.1
2023-07-24 15:34:12,419 [WARN] PackLoader:240 - Cannot read IP mode file for STMicroelectronics.X-CUBE-BLE1.6.2.4
2023-07-24 15:34:12,429 [WARN] PackLoader:240 - Cannot read IP mode file for STMicroelectronics.FP-SNS-FLIGHT1.5.0.2
2023-07-24 15:34:12,459 [WARN] PackLoader:240 - Cannot read IP mode file for STMicroelectronics.X-CUBE-DISPLAY.3.0.0
2023-07-24 15:34:12,480 [WARN] PackLoader:240 - Cannot read IP mode file for STMicroelectronics.X-CUBE-TOUCHGFX.4.22.0
2023-07-24 15:34:12,528 [INFO] LogOutputStream:77 - [STDOUT_REDIRECT] 1 : Invalid condition id : UX_CORESTACK_Condition cause : null
2023-07-24 15:34:12,529 [INFO] LogOutputStream:77 - [STDOUT_REDIRECT] 1 : Invalid condition id : UX_CORESTACK_Condition cause : null
2023-07-24 15:34:12,529 [INFO] LogOutputStream:77 - [STDOUT_REDIRECT] 1 : Invalid condition id : UX_CORESTACK_Condition cause : null
2023-07-24 15:34:12,530 [INFO] LogOutputStream:77 - [STDOUT_REDIRECT] 1 : Invalid condition id : UX_CORESTACK_Condition cause : null
2023-07-24 15:34:12,530 [INFO] LogOutputStream:77 - [STDOUT_REDIRECT] 1 : Invalid condition id : UX_CORESTACK_Condition cause : null
2023-07-24 15:34:12,537 [WARN] PackLoader:240 - Cannot read IP mode file for STMicroelectronics.X-CUBE-AZRTOS-WL.2.0.0
2023-07-24 15:34:12,562 [WARN] PackLoader:240 - Cannot read IP mode file for WES.I-CUBE-Cesium.1.3.0
2023-07-24 15:34:12,578 [WARN] PackLoader:240 - Cannot read IP mode file for STMicroelectronics.X-CUBE-BLE2.3.3.0
2023-07-24 15:34:12,590 [WARN] PackLoader:240 - Cannot read IP mode file for STMicroelectronics.X-CUBE-TOUCHGFX.4.21.4
2023-07-24 15:34:12,611 [WARN] PackLoader:240 - Cannot read IP mode file for STMicroelectronics.X-CUBE-ALGOBUILD.1.3.0
2023-07-24 15:34:12,665 [WARN] PackLoader:240 - Cannot read IP mode file for STMicroelectronics.X-CUBE-AZRTOS-G0.1.1.0
2023-07-24 15:34:12,685 [WARN] PackLoader:240 - Cannot read IP mode file for STMicroelectronics.X-CUBE-NFC4.3.0.0
2023-07-24 15:34:12,693 [WARN] PackLoader:240 - Cannot read IP mode file for STMicroelectronics.FP-ATR-SIGFOX1.3.2.0
2023-07-24 15:34:12,769 [WARN] PackLoader:240 - Cannot read IP mode file for SEGGER.I-CUBE-embOS.1.3.1
2023-07-24 15:34:12,831 [WARN] PackLoader:240 - Cannot read IP mode file for STMicroelectronics.X-CUBE-GNSS1.6.0.0
2023-07-24 15:34:12,903 [WARN] PackLoader:240 - Cannot read IP mode file for STMicroelectronics.X-CUBE-AZRTOS-F4.1.1.0
2023-07-24 15:34:12,924 [WARN] PackLoader:240 - Cannot read IP mode file for wolfSSL.I-CUBE-wolfSSL.5.6.0
2023-07-24 15:34:13,150 [WARN] PackLoader:240 - Cannot read IP mode file for STMicroelectronics.X-CUBE-MEMS1.9.6.0
2023-07-24 15:34:13,538 [WARN] PackLoader:240 - Cannot read IP mode file for emotas.I-CUBE-CANOPEN.1.1.3
2023-07-24 15:34:13,555 [WARN] PackLoader:240 - Cannot read IP mode file for STMicroelectronics.X-CUBE-BLEMGR.2.0.0
2023-07-24 15:34:13,615 [WARN] ConditionMgr:438 - getConditionDescription Invalid condition id : UX DEVICE CLASS RTOS Condition cause : null
2023-07-24 15:34:13,615 [WARN] ConditionMgr:438 - getConditionDescription Invalid condition id : UX DEVICE CLASS RTOS Condition cause : null
2023-07-24 15:34:13,618 [WARN] PackLoader:240 - Cannot read IP mode file for STMicroelectronics.X-CUBE-AZRTOS-H7.3.1.0
2023-07-24 15:34:13,619 [WARN] ConditionMgr:1039 - genDependencies : Invalid condition id : UX DEVICE CLASS RTOS Condition cause : null
2023-07-24 15:34:13,619 [WARN] ConditionMgr:1039 - genDependencies : Invalid condition id : UX DEVICE CLASS RTOS Condition cause : null
2023-07-24 15:34:13,620 [WARN] ConditionMgr:1039 - genDependencies : Invalid condition id : UX DEVICE CLASS RTOS Condition cause : null
2023-07-24 15:34:13,620 [WARN] ConditionMgr:1039 - genDependencies : Invalid condition id : UX DEVICE CLASS RTOS Condition cause : null
2023-07-24 15:34:13,620 [WARN] ConditionMgr:1039 - genDependencies : Invalid condition id : UX DEVICE CLASS RTOS Condition cause : null
2023-07-24 15:34:13,641 [WARN] PackLoader:240 - Cannot read IP mode file for STMicroelectronics.X-CUBE-NFC7.1.0.1
2023-07-24 15:34:13,660 [WARN] PackLoader:240 - Cannot read IP mode file for STMicroelectronics.X-CUBE-EEPRMA1.4.1.0
2023-07-24 15:34:13,726 [WARN] ConditionMgr:438 - getConditionDescription Invalid condition id : LAN8742 Phy interface Condition cause : null
2023-07-24 15:34:13,727 [WARN] PackLoader:240 - Cannot read IP mode file for STMicroelectronics.X-CUBE-AZRTOS-L4.2.0.0
2023-07-24 15:34:13,728 [WARN] ConditionMgr:1039 - genDependencies : Invalid condition id : LAN8742 Phy interface Condition cause : null
2023-07-24 15:34:13,729 [WARN] ConditionMgr:1039 - genDependencies : Invalid condition id : LAN8742 Phy interface Condition cause : null
2023-07-24 15:34:13,729 [WARN] ConditionMgr:1039 - genDependencies : Invalid condition id : LAN8742 Phy interface Condition cause : null
2023-07-24 15:34:13,750 [WARN] PackLoader:240 - Cannot read IP mode file for STMicroelectronics.X-CUBE-SFXS2LP1.4.0.0
2023-07-24 15:34:13,763 [WARN] PackLoader:240 - Cannot read IP mode file for STMicroelectronics.X-CUBE-ISPU.1.1.0
2023-07-24 15:34:13,781 [WARN] PackLoader:240 - Cannot read IP mode file for STMicroelectronics.X-CUBE-FREERTOS.1.0.1
2023-07-24 15:34:13,865 [WARN] PackLoader:240 - Cannot read IP mode file for STMicroelectronics.X-CUBE-AZRTOS-L5.1.1.0
2023-07-24 15:34:13,877 [WARN] PackLoader:240 - Cannot read IP mode file for STMicroelectronics.X-CUBE-AI.8.0.1
2023-07-24 15:34:13,921 [WARN] PackLoader:240 - Cannot read IP mode file for STMicroelectronics.X-CUBE-SUBG2.5.0.0
2023-07-24 15:34:13,966 [WARN] PackLoader:240 - Cannot read IP mode file for STMicroelectronics.X-CUBE-TOF1.3.3.1
2023-07-24 15:34:14,018 [WARN] PackLoader:240 - Cannot read IP mode file for STMicroelectronics.X-CUBE-AZRTOS-G4.2.0.0
2023-07-24 15:34:14,054 [WARN] PackLoader:240 - Cannot read IP mode file for STMicroelectronics.X-CUBE-TOF1.3.3.0
2023-07-24 15:34:14,081 [WARN] PackLoader:240 - Cannot read IP mode file for portGmbH.I-Cube-SoM-uGOAL.1.1.0
2023-07-24 15:34:14,088 [WARN] PackLoader:240 - Cannot read IP mode file for STMicroelectronics.X-CUBE-ALS.1.0.1
2023-07-24 15:34:14,126 [WARN] PackLoader:240 - Cannot read IP mode file for STMicroelectronics.X-CUBE-AZRTOS-WB.1.1.0
2023-07-24 15:34:14,137 [WARN] PackLoader:240 - Cannot read IP mode file for STMicroelectronics.FP-ATR-ASTRA1.2.0.0
2023-07-24 15:34:14,138 [INFO] ThirdParty:978 - Integrity check success = true
2023-07-24 15:34:14,138 [INFO] IntegrityCheckThread:100 - exiting critical section [integrity check]
2023-07-24 15:34:14,138 [INFO] IntegrityCheckThread:103 - End integrity checks thread
2023-07-24 15:34:20,353 [INFO] WebApp:157 - Instantiating new browser for Auth
2023-07-24 15:34:25,255 [INFO] WebApp:753 - Register for checkConnection events
2023-07-24 15:34:25,255 [INFO] WebApp:390 - Apply proxy settings
2023-07-24 15:34:25,256 [INFO] WebApp:475 - Chromium requires no authentication
2023-07-24 15:34:25,265 [INFO] WebApp:418 - Direct internet connection detected
2023-07-24 15:34:25,554 [INFO] WebApp:188 - Starting web application
2023-07-24 15:34:25,554 [INFO] WebApp:520 - Web application path used /opt/st/stm32cubeide_1.13.0/plugins/com.st.stm32cube.common.mx_6.9.0.202307051724/db/plugins/mcufinder/reactClient1/index.html
2023-07-24 16:04:20,012 [ERROR] LogOutputStream:75 - [STDERR_REDIRECT] 
2023-07-24 16:09:55,263 [INFO] Activator:176 - 


2023-07-24 16:09:55,265 [INFO] Activator:177 - !SESSION log4j initialized
2023-07-24 16:09:59,267 [INFO] LogOutputStream:77 - [STDOUT_REDIRECT] 
2023-07-24 16:10:01,019 [INFO] ApplicationProperties:184 - Using Application install path: /opt/st/stm32cubeide_1.13.0/plugins/com.st.stm32cube.common.mx_6.9.0.202307051724
2023-07-24 16:10:01,033 [INFO] DbMcusXml:78 - Set database path to: /opt/st/stm32cubeide_1.13.0/plugins/com.st.stm32cube.common.mx_6.9.0.202307051724//db//mcu/
2023-07-24 16:10:01,033 [INFO] ApiDb:274 - Set plugin database path to: /opt/st/stm32cubeide_1.13.0/plugins/com.st.stm32cube.common.mx_6.9.0.202307051724//db//plugins/boardmanager/
2023-07-24 16:10:01,033 [WARN] ApiDb:259 - Overriding images path with different value:  => /opt/st/stm32cubeide_1.13.0/plugins/com.st.stm32cube.common.mx_6.9.0.202307051724//db//plugins/mcufinder/images/
2023-07-24 16:10:01,042 [INFO] ApiDb:250 - Set database path to: /home/fm/.stmcufinder/plugins/mcufinder//mcu/
2023-07-24 16:10:01,043 [INFO] DbMcusAds:125 - Set database path to: /home/fm/.stmcufinder/plugins/mcufinder//mcu/
2023-07-24 16:10:02,046 [INFO] CrossReferenceDbSqlite:203 - Set database path to: /home/fm/.stmcufinder/plugins/mcufinder//mcu/cs/
2023-07-24 16:10:02,167 [INFO] RulesReader:64 - Compatibility file has been processed (293 Rules)
2023-07-24 16:10:02,217 [INFO] DbMcusXml:78 - Set database path to: /opt/st/stm32cubeide_1.13.0/plugins/com.st.stm32cube.common.mx_6.9.0.202307051724//db//mcu/
2023-07-24 16:10:02,218 [INFO] ApiDb:274 - Set plugin database path to: /opt/st/stm32cubeide_1.13.0/plugins/com.st.stm32cube.common.mx_6.9.0.202307051724//db//plugins/boardmanager/
2023-07-24 16:10:02,218 [INFO] ApiDb:261 - Set plugin images path to: /opt/st/stm32cubeide_1.13.0/plugins/com.st.stm32cube.common.mx_6.9.0.202307051724//db//plugins/mcufinder/images/
2023-07-24 16:10:02,218 [WARN] DbFile:41 - Overriding database path with different value: /home/fm/.stmcufinder/plugins/mcufinder/ => /home/fm/.stmcufinder/plugins/mcufinder
2023-07-24 16:10:02,218 [INFO] ApiDb:250 - Set database path to: /home/fm/.stmcufinder/plugins/mcufinder//mcu/
2023-07-24 16:10:02,218 [WARN] DbFile:41 - Overriding database path with different value: /home/fm/.stmcufinder/plugins/mcufinder/ => /home/fm/.stmcufinder/plugins/mcufinder
2023-07-24 16:10:02,218 [INFO] DbMcusAds:125 - Set database path to: /home/fm/.stmcufinder/plugins/mcufinder//mcu/
2023-07-24 16:10:02,218 [WARN] DbFile:41 - Overriding database path with different value: /home/fm/.stmcufinder/plugins/mcufinder/ => /home/fm/.stmcufinder/plugins/mcufinder
2023-07-24 16:10:02,218 [WARN] DbFile:41 - Overriding database path with different value: /home/fm/.stmcufinder/plugins/mcufinder/ => /home/fm/.stmcufinder/plugins/mcufinder
2023-07-24 16:10:03,220 [INFO] CrossReferenceDbSqlite:203 - Set database path to: /home/fm/.stmcufinder/plugins/mcufinder//mcu/cs/
2023-07-24 16:10:03,265 [INFO] MainPanel:262 - HeapMemory: 268435456
2023-07-24 16:10:03,323 [INFO] DbMcusXml:78 - Set database path to: /opt/st/stm32cubeide_1.13.0/plugins/com.st.stm32cube.common.mx_6.9.0.202307051724//db//mcu/
2023-07-24 16:10:03,323 [INFO] ApiDb:274 - Set plugin database path to: /opt/st/stm32cubeide_1.13.0/plugins/com.st.stm32cube.common.mx_6.9.0.202307051724//db//plugins/boardmanager/
2023-07-24 16:10:03,323 [INFO] ApiDb:261 - Set plugin images path to: /opt/st/stm32cubeide_1.13.0/plugins/com.st.stm32cube.common.mx_6.9.0.202307051724//db//plugins/mcufinder/images/
2023-07-24 16:10:03,323 [WARN] DbFile:41 - Overriding database path with different value: /home/fm/.stmcufinder/plugins/mcufinder/ => /home/fm/.stmcufinder/plugins/mcufinder
2023-07-24 16:10:03,323 [INFO] ApiDb:250 - Set database path to: /home/fm/.stmcufinder/plugins/mcufinder//mcu/
2023-07-24 16:10:03,323 [WARN] DbFile:41 - Overriding database path with different value: /home/fm/.stmcufinder/plugins/mcufinder/ => /home/fm/.stmcufinder/plugins/mcufinder
2023-07-24 16:10:03,324 [INFO] DbMcusAds:125 - Set database path to: /home/fm/.stmcufinder/plugins/mcufinder//mcu/
2023-07-24 16:10:03,324 [WARN] DbFile:41 - Overriding database path with different value: /home/fm/.stmcufinder/plugins/mcufinder/ => /home/fm/.stmcufinder/plugins/mcufinder
2023-07-24 16:10:03,324 [WARN] DbFile:41 - Overriding database path with different value: /home/fm/.stmcufinder/plugins/mcufinder/ => /home/fm/.stmcufinder/plugins/mcufinder
2023-07-24 16:10:04,325 [INFO] CrossReferenceDbSqlite:203 - Set database path to: /home/fm/.stmcufinder/plugins/mcufinder//mcu/cs/
2023-07-24 16:10:04,339 [INFO] ApplicationProperties:184 - Using Application install path: /opt/st/stm32cubeide_1.13.0/plugins/com.st.stm32cube.common.mx_6.9.0.202307051724
2023-07-24 16:10:04,340 [INFO] PluginManage:196 - Search for loadable plugins [exclusion list=, ]
2023-07-24 16:10:04,341 [INFO] PluginManage:310 - Check plugin analytics
2023-07-24 16:10:05,629 [INFO] AnalyticsPlugin:253 - Accepted Software Licenses: 
2023-07-24 16:10:05,629 [INFO] AnalyticsPlugin:255 - Accepted CMSIS Pack Licenses: STMicroelectronics.X-CUBE-MEMS1.9.6.0
2023-07-24 16:10:05,629 [INFO] AnalyticsPlugin:257 - Accepted Firmware Licenses: FW.F4.1.27.0
2023-07-24 16:10:05,631 [INFO] PluginManage:359 - Loaded plugin analytics (category:tool,tabindex:-1)
2023-07-24 16:10:05,631 [INFO] PluginManage:310 - Check plugin cadmodel
2023-07-24 16:10:05,648 [INFO] CADModel:105 - Init CAD model plugin
2023-07-24 16:10:05,649 [INFO] PluginManage:359 - Loaded plugin cadmodel (category:power,tabindex:5)
2023-07-24 16:10:05,649 [INFO] PluginManage:310 - Check plugin clock
2023-07-24 16:10:05,655 [INFO] PluginManage:359 - Loaded plugin clock (category:base,tabindex:2)
2023-07-24 16:10:05,655 [INFO] PluginManage:310 - Check plugin ddr
2023-07-24 16:10:05,657 [INFO] PluginManage:359 - Loaded plugin ddr (category:tool,tabindex:6)
2023-07-24 16:10:05,657 [INFO] PluginManage:310 - Check plugin filemanager
2023-07-24 16:10:05,741 [INFO] PluginManage:359 - Loaded plugin filemanager (category:base,tabindex:10)
2023-07-24 16:10:05,741 [INFO] PluginManage:310 - Check plugin ipmanager
2023-07-24 16:10:05,745 [INFO] PluginManage:359 - Loaded plugin ipmanager (category:base,tabindex:5)
2023-07-24 16:10:05,746 [INFO] PluginManage:310 - Check plugin lpbam
2023-07-24 16:10:05,751 [INFO] PluginManage:359 - Loaded plugin lpbam (category:base,tabindex:0)
2023-07-24 16:10:05,752 [INFO] PluginManage:310 - Check plugin memorymap
2023-07-24 16:10:05,758 [INFO] PluginManage:359 - Loaded plugin memorymap (category:base,tabindex:4)
2023-07-24 16:10:05,759 [INFO] PluginManage:310 - Check plugin pinoutandconfiguration
2023-07-24 16:10:05,763 [INFO] PluginManage:359 - Loaded plugin pinoutandconfiguration (category:base,tabindex:1)
2023-07-24 16:10:05,763 [INFO] PluginManage:310 - Check plugin pinoutconfig
2023-07-24 16:10:05,824 [WARN] SupportedApi:132 - Cannot load RTOS API schema: s4s-elt-must-match.1: The content of 'definitions' must match (annotation?, (simpleType | complexType)?, (unique | key | keyref)*)). A problem was found starting at: attribute.
2023-07-24 16:10:05,919 [INFO] PluginManage:359 - Loaded plugin pinoutconfig (category:base,tabindex:0)
2023-07-24 16:10:05,919 [INFO] PluginManage:310 - Check plugin power
2023-07-24 16:10:05,925 [INFO] PluginManage:359 - Loaded plugin power (category:power,tabindex:4)
2023-07-24 16:10:05,925 [INFO] PluginManage:310 - Check plugin projectmanager
2023-07-24 16:10:05,936 [INFO] PluginManage:359 - Loaded plugin projectmanager (category:projectmanager,tabindex:3)
2023-07-24 16:10:05,936 [INFO] PluginManage:310 - Check plugin thirdparty
2023-07-24 16:10:06,037 [WARN] IntegrityCheckThread:84 - waiting for thirdparty lock release [integrity check]
2023-07-24 16:10:06,037 [INFO] PluginManage:359 - Loaded plugin thirdparty (category:base,tabindex:-1)
2023-07-24 16:10:06,037 [INFO] IntegrityCheckThread:86 - entering critical section [integrity check]
2023-07-24 16:10:06,037 [INFO] PluginManage:310 - Check plugin tools
2023-07-24 16:10:06,038 [INFO] ThirdPartyUpdaterWithRetryManager:70 - Updater plugin not ready yet. [1/15]
2023-07-24 16:10:06,039 [INFO] PluginManage:359 - Loaded plugin tools (category:base,tabindex:7)
2023-07-24 16:10:06,040 [INFO] PluginManage:310 - Check plugin tutovideos
2023-07-24 16:10:06,162 [INFO] PluginManage:359 - Loaded plugin tutovideos (category:base,tabindex:-1)
2023-07-24 16:10:06,162 [INFO] PluginManage:310 - Check plugin updater
2023-07-24 16:10:06,169 [INFO] PluginManage:359 - Loaded plugin updater (category:base,tabindex:12)
2023-07-24 16:10:06,169 [INFO] PluginManage:310 - Check plugin userauth
2023-07-24 16:10:06,172 [INFO] UserAuth:113 - Init User Auth plugin
2023-07-24 16:10:06,173 [INFO] PluginManage:359 - Loaded plugin userauth (category:base,tabindex:14)
2023-07-24 16:10:06,173 [INFO] PluginManage:283 - PluginManage : Loaded plugins [17]
2023-07-24 16:10:06,312 [INFO] PinOutPanel:1499 - setPackage(No Configuration,No Configuration)
2023-07-24 16:10:06,376 [INFO] CADModel:165 - CPN selected for project level
2023-07-24 16:10:06,377 [INFO] CADModel:114 - Register for checkConnection events
2023-07-24 16:10:06,384 [INFO] IPUIPlugin:80 - create IPUIPlugin
2023-07-24 16:10:06,385 [INFO] PluginManager:220 - loadIPPluginJar : add hash
2023-07-24 16:10:06,387 [INFO] IPUIPlugin:80 - create IPUIPlugin
2023-07-24 16:10:06,388 [INFO] PluginManager:220 - loadIPPluginJar : add opamp
2023-07-24 16:10:06,389 [INFO] IPUIPlugin:80 - create IPUIPlugin
2023-07-24 16:10:06,390 [INFO] PluginManager:220 - loadIPPluginJar : add usbx
2023-07-24 16:10:06,391 [INFO] IPUIPlugin:80 - create IPUIPlugin
2023-07-24 16:10:06,392 [INFO] PluginManager:220 - loadIPPluginJar : add resmgrutility
2023-07-24 16:10:06,393 [INFO] IPUIPlugin:80 - create IPUIPlugin
2023-07-24 16:10:06,393 [INFO] PluginManager:220 - loadIPPluginJar : add tracer_emb
2023-07-24 16:10:06,396 [INFO] IPUIPlugin:80 - create IPUIPlugin
2023-07-24 16:10:06,396 [INFO] PluginManager:220 - loadIPPluginJar : add fmc
2023-07-24 16:10:06,398 [INFO] IPUIPlugin:80 - create IPUIPlugin
2023-07-24 16:10:06,398 [INFO] PluginManager:220 - loadIPPluginJar : add nvic
2023-07-24 16:10:06,400 [INFO] IPUIPlugin:80 - create IPUIPlugin
2023-07-24 16:10:06,400 [INFO] PluginManager:220 - loadIPPluginJar : add openamp
2023-07-24 16:10:06,401 [INFO] IPUIPlugin:80 - create IPUIPlugin
2023-07-24 16:10:06,402 [INFO] PluginManager:220 - loadIPPluginJar : add i3c
2023-07-24 16:10:06,405 [INFO] IPUIPlugin:80 - create IPUIPlugin
2023-07-24 16:10:06,405 [INFO] PluginManager:220 - loadIPPluginJar : add freertos
2023-07-24 16:10:06,409 [INFO] IPUIPlugin:80 - create IPUIPlugin
2023-07-24 16:10:06,409 [INFO] PluginManager:220 - loadIPPluginJar : add linkedlist
2023-07-24 16:10:06,410 [INFO] IPUIPlugin:80 - create IPUIPlugin
2023-07-24 16:10:06,410 [INFO] PluginManager:220 - loadIPPluginJar : add ltdc
2023-07-24 16:10:06,411 [INFO] IPUIPlugin:80 - create IPUIPlugin
2023-07-24 16:10:06,412 [INFO] PluginManager:220 - loadIPPluginJar : add dfsdm
2023-07-24 16:10:06,413 [INFO] IPUIPlugin:80 - create IPUIPlugin
2023-07-24 16:10:06,414 [INFO] PluginManager:220 - loadIPPluginJar : add lorawan
2023-07-24 16:10:06,415 [INFO] IPUIPlugin:80 - create IPUIPlugin
2023-07-24 16:10:06,415 [INFO] PluginManager:220 - loadIPPluginJar : add tim
2023-07-24 16:10:06,416 [INFO] IPUIPlugin:80 - create IPUIPlugin
2023-07-24 16:10:06,416 [INFO] PluginManager:220 - loadIPPluginJar : add gtzc
2023-07-24 16:10:06,419 [INFO] IPUIPlugin:80 - create IPUIPlugin
2023-07-24 16:10:06,419 [INFO] PluginManager:220 - loadIPPluginJar : add gpio
2023-07-24 16:10:06,420 [INFO] IPUIPlugin:80 - create IPUIPlugin
2023-07-24 16:10:06,421 [INFO] PluginManager:220 - loadIPPluginJar : add ts
2023-07-24 16:10:06,424 [INFO] IPUIPlugin:80 - create IPUIPlugin
2023-07-24 16:10:06,426 [INFO] PluginManager:220 - loadIPPluginJar : add plateformsettings
2023-07-24 16:10:06,427 [INFO] IPUIPlugin:80 - create IPUIPlugin
2023-07-24 16:10:06,427 [INFO] PluginManager:220 - loadIPPluginJar : add quadspi
2023-07-24 16:10:06,430 [INFO] IPUIPlugin:80 - create IPUIPlugin
2023-07-24 16:10:06,431 [INFO] PluginManager:220 - loadIPPluginJar : add gic
2023-07-24 16:10:06,432 [INFO] IPUIPlugin:80 - create IPUIPlugin
2023-07-24 16:10:06,432 [INFO] PluginManager:220 - loadIPPluginJar : add fatfs
2023-07-24 16:10:06,435 [INFO] IPUIPlugin:80 - create IPUIPlugin
2023-07-24 16:10:06,436 [INFO] PluginManager:220 - loadIPPluginJar : add dma
2023-07-24 16:10:06,438 [INFO] IPUIPlugin:80 - create IPUIPlugin
2023-07-24 16:10:06,438 [INFO] PluginManager:220 - loadIPPluginJar : add sai
2023-07-24 16:10:06,439 [INFO] IPUIPlugin:80 - create IPUIPlugin
2023-07-24 16:10:06,439 [INFO] PluginManager:220 - loadIPPluginJar : add gfxmmu
2023-07-24 16:10:06,441 [INFO] IPUIPlugin:80 - create IPUIPlugin
2023-07-24 16:10:06,441 [INFO] PluginManager:220 - loadIPPluginJar : add aes
2023-07-24 16:10:06,442 [INFO] IPUIPlugin:80 - create IPUIPlugin
2023-07-24 16:10:06,442 [INFO] PluginManager:220 - loadIPPluginJar : add genericplugin
2023-07-24 16:10:06,443 [INFO] IPUIPlugin:80 - create IPUIPlugin
2023-07-24 16:10:06,444 [INFO] PluginManager:220 - loadIPPluginJar : add pdm2pcm
2023-07-24 16:10:06,445 [INFO] IPUIPlugin:80 - create IPUIPlugin
2023-07-24 16:10:06,445 [INFO] PluginManager:220 - loadIPPluginJar : add can
2023-07-24 16:10:06,446 [INFO] IPUIPlugin:80 - create IPUIPlugin
2023-07-24 16:10:06,446 [INFO] PluginManager:220 - loadIPPluginJar : add ucpd
2023-07-24 16:10:06,449 [INFO] IPUIPlugin:80 - create IPUIPlugin
2023-07-24 16:10:06,449 [INFO] PluginManager:220 - loadIPPluginJar : add stm32_wpan
2023-07-24 16:10:06,451 [INFO] IPUIPlugin:80 - create IPUIPlugin
2023-07-24 16:10:06,451 [INFO] PluginManager:220 - loadIPPluginJar : add i2s
2023-07-24 16:10:06,453 [INFO] IPUIPlugin:80 - create IPUIPlugin
2023-07-24 16:10:06,453 [INFO] PluginManager:220 - loadIPPluginJar : add touchsensing
2023-07-24 16:10:06,455 [INFO] IPUIPlugin:80 - create IPUIPlugin
2023-07-24 16:10:06,455 [INFO] PluginManager:220 - loadIPPluginJar : add ipddr
2023-07-24 16:10:06,457 [INFO] IPUIPlugin:80 - create IPUIPlugin
2023-07-24 16:10:06,457 [INFO] PluginManager:220 - loadIPPluginJar : add cryp
2023-07-24 16:10:06,458 [INFO] IPUIPlugin:80 - create IPUIPlugin
2023-07-24 16:10:06,458 [INFO] PluginManager:220 - loadIPPluginJar : add tsc
2023-07-24 16:10:06,462 [INFO] IPUIPlugin:80 - create IPUIPlugin
2023-07-24 16:10:06,462 [INFO] PluginManager:220 - loadIPPluginJar : add mdma
2023-07-24 16:10:06,463 [INFO] IPUIPlugin:80 - create IPUIPlugin
2023-07-24 16:10:06,463 [INFO] PluginManager:220 - loadIPPluginJar : add comp
2023-07-24 16:10:06,465 [INFO] IPUIPlugin:80 - create IPUIPlugin
2023-07-24 16:10:06,465 [INFO] PluginManager:220 - loadIPPluginJar : add dma3
2023-07-24 16:10:06,467 [INFO] IPUIPlugin:80 - create IPUIPlugin
2023-07-24 16:10:06,467 [INFO] PluginManager:220 - loadIPPluginJar : add usart
2023-07-24 16:10:06,471 [INFO] IPUIPlugin:80 - create IPUIPlugin
2023-07-24 16:10:06,471 [INFO] PluginManager:220 - loadIPPluginJar : add adc
2023-07-24 16:10:06,472 [INFO] IPUIPlugin:80 - create IPUIPlugin
2023-07-24 16:10:06,472 [INFO] PluginManager:220 - loadIPPluginJar : add spi
2023-07-24 16:10:06,474 [INFO] IPUIPlugin:80 - create IPUIPlugin
2023-07-24 16:10:06,474 [INFO] PluginManager:220 - loadIPPluginJar : add i2c
2023-07-24 16:10:06,568 [INFO] CADModel:165 - CPN selected for project level
2023-07-24 16:10:06,568 [INFO] CADModel:114 - Register for checkConnection events
2023-07-24 16:10:06,568 [FATAL] Updater:308 - Updater called before beeing initialized
2023-07-24 16:10:06,569 [ERROR] CADModel:125 - Updater not yet initialized, retry later 
2023-07-24 16:10:06,669 [INFO] CADModel:165 - CPN selected for project level
2023-07-24 16:10:06,669 [INFO] CADModel:114 - Register for checkConnection events
2023-07-24 16:10:06,669 [FATAL] Updater:308 - Updater called before beeing initialized
2023-07-24 16:10:06,669 [ERROR] CADModel:125 - Updater not yet initialized, retry later 
2023-07-24 16:10:06,673 [FATAL] Updater:308 - Updater called before beeing initialized
2023-07-24 16:10:06,734 [FATAL] Updater:308 - Updater called before beeing initialized
2023-07-24 16:10:06,738 [INFO] DbMcusAds:53 - JSON generation date=Tue Mar 07 05:50:55 ART 2023 (1678179055114)
2023-07-24 16:10:06,738 [FATAL] Updater:308 - Updater called before beeing initialized
2023-07-24 16:10:06,761 [WARN] DetailPanel:346 - Failed to get advertising image, set to default
2023-07-24 16:10:06,833 [FATAL] Updater:308 - Updater called before beeing initialized
2023-07-24 16:10:06,834 [FATAL] Updater:308 - Updater called before beeing initialized
2023-07-24 16:10:06,834 [FATAL] Updater:308 - Updater called before beeing initialized
2023-07-24 16:10:06,834 [WARN] DetailPanel:346 - Failed to get advertising image, set to default
2023-07-24 16:10:06,835 [FATAL] Updater:308 - Updater called before beeing initialized
2023-07-24 16:10:06,857 [ERROR] Updater:1120 - MainUpdater not yet initialized. External WinMGr cannot be set.
2023-07-24 16:10:06,859 [INFO] Updater:1056 - Updater Version found : 6.9.0
2023-07-24 16:10:06,870 [INFO] ApplicationProperties:184 - Using Application install path: /opt/st/stm32cubeide_1.13.0/plugins/com.st.stm32cube.common.mx_6.9.0.202307051724
2023-07-24 16:10:07,267 [INFO] MainUpdater:2868 - connection check result : 10
2023-07-24 16:10:07,268 [INFO] MainUpdater:285 - Updater Check For Update Now.
2023-07-24 16:10:07,268 [INFO] MicroXplorer:498 - Change Database Version : DB.6.0.90
2023-07-24 16:10:07,275 [INFO] McuFinderGlobals:63 - Set McuFinder mode to 2 (CubeIDE integrated)
2023-07-24 16:10:07,275 [INFO] UserAuth:179 - activating auth plugin
2023-07-24 16:10:07,280 [INFO] UserAuth:393 - Internet connection configuration mode: 1
2023-07-24 16:10:07,293 [INFO] JxBrowserEngine:151 - Initiate JxBrowser Engine with user profile folder
2023-07-24 16:10:07,450 [INFO] CheckServerUpdateThread:120 - End of CheckServer Thread
2023-07-24 16:10:07,725 [INFO] WebApp:157 - Instantiating new browser for Auth
2023-07-24 16:10:08,132 [INFO] WebApp:753 - Register for checkConnection events
2023-07-24 16:10:08,132 [INFO] WebApp:390 - Apply proxy settings
2023-07-24 16:10:08,132 [INFO] WebApp:475 - Chromium requires no authentication
2023-07-24 16:10:08,137 [INFO] WebApp:418 - Direct internet connection detected
2023-07-24 16:10:08,259 [INFO] WebApp:188 - Starting web application
2023-07-24 16:10:08,259 [INFO] WebApp:520 - Web application path used /opt/st/stm32cubeide_1.13.0/plugins/com.st.stm32cube.common.mx_6.9.0.202307051724/db/plugins/mcufinder/reactClient1/index.html
2023-07-24 16:10:09,148 [WARN] PackLoader:240 - Cannot read IP mode file for STMicroelectronics.X-CUBE-SMBUS.2.1.0
2023-07-24 16:10:09,178 [WARN] PackLoader:240 - Cannot read IP mode file for STMicroelectronics.X-CUBE-AZRTOS-F7.1.1.0
2023-07-24 16:10:09,188 [WARN] PackLoader:240 - Cannot read IP mode file for STMicroelectronics.FP-SNS-MOTENV1.4.3.2
2023-07-24 16:10:09,193 [ERROR] RealEvaluatedCondition:428 - Found unsupported composite condition: CLASS='Data Exchange' GROUP='STM32_MetaDataManager'
2023-07-24 16:10:09,193 [ERROR] RealEvaluatedCondition:428 - Found unsupported composite condition: GROUP='STM32_MetaDataManager' CLASS='Data Exchange'
2023-07-24 16:10:09,194 [WARN] PackLoader:240 - Cannot read IP mode file for STMicroelectronics.FP-SNS-MOTENV1.4.3.1
2023-07-24 16:10:09,199 [WARN] PackLoader:240 - Cannot read IP mode file for STMicroelectronics.FP-SNS-FLIGHT1.5.0.1
2023-07-24 16:10:09,204 [WARN] PackLoader:240 - Cannot read IP mode file for STMicroelectronics.X-CUBE-BLE1.6.2.4
2023-07-24 16:10:09,207 [WARN] PackLoader:240 - Cannot read IP mode file for STMicroelectronics.FP-SNS-FLIGHT1.5.0.2
2023-07-24 16:10:09,213 [WARN] PackLoader:240 - Cannot read IP mode file for STMicroelectronics.X-CUBE-DISPLAY.3.0.0
2023-07-24 16:10:09,220 [WARN] PackLoader:240 - Cannot read IP mode file for STMicroelectronics.X-CUBE-TOUCHGFX.4.22.0
2023-07-24 16:10:09,229 [INFO] LogOutputStream:77 - [STDOUT_REDIRECT] 1 : Invalid condition id : UX_CORESTACK_Condition cause : null
2023-07-24 16:10:09,230 [INFO] LogOutputStream:77 - [STDOUT_REDIRECT] 1 : Invalid condition id : UX_CORESTACK_Condition cause : null
2023-07-24 16:10:09,230 [INFO] LogOutputStream:77 - [STDOUT_REDIRECT] 1 : Invalid condition id : UX_CORESTACK_Condition cause : null
2023-07-24 16:10:09,230 [INFO] LogOutputStream:77 - [STDOUT_REDIRECT] 1 : Invalid condition id : UX_CORESTACK_Condition cause : null
2023-07-24 16:10:09,230 [INFO] LogOutputStream:77 - [STDOUT_REDIRECT] 1 : Invalid condition id : UX_CORESTACK_Condition cause : null
2023-07-24 16:10:09,234 [WARN] PackLoader:240 - Cannot read IP mode file for STMicroelectronics.X-CUBE-AZRTOS-WL.2.0.0
2023-07-24 16:10:09,240 [WARN] PackLoader:240 - Cannot read IP mode file for WES.I-CUBE-Cesium.1.3.0
2023-07-24 16:10:09,244 [WARN] PackLoader:240 - Cannot read IP mode file for STMicroelectronics.X-CUBE-BLE2.3.3.0
2023-07-24 16:10:09,246 [WARN] PackLoader:240 - Cannot read IP mode file for STMicroelectronics.X-CUBE-TOUCHGFX.4.21.4
2023-07-24 16:10:09,251 [WARN] PackLoader:240 - Cannot read IP mode file for STMicroelectronics.X-CUBE-ALGOBUILD.1.3.0
2023-07-24 16:10:09,271 [WARN] PackLoader:240 - Cannot read IP mode file for STMicroelectronics.X-CUBE-AZRTOS-G0.1.1.0
2023-07-24 16:10:09,277 [WARN] PackLoader:240 - Cannot read IP mode file for STMicroelectronics.X-CUBE-NFC4.3.0.0
2023-07-24 16:10:09,281 [WARN] PackLoader:240 - Cannot read IP mode file for STMicroelectronics.FP-ATR-SIGFOX1.3.2.0
2023-07-24 16:10:09,311 [WARN] PackLoader:240 - Cannot read IP mode file for SEGGER.I-CUBE-embOS.1.3.1
2023-07-24 16:10:09,348 [WARN] PackLoader:240 - Cannot read IP mode file for STMicroelectronics.X-CUBE-GNSS1.6.0.0
2023-07-24 16:10:09,376 [WARN] PackLoader:240 - Cannot read IP mode file for STMicroelectronics.X-CUBE-AZRTOS-F4.1.1.0
2023-07-24 16:10:09,383 [WARN] PackLoader:240 - Cannot read IP mode file for wolfSSL.I-CUBE-wolfSSL.5.6.0
2023-07-24 16:10:09,421 [WARN] PackLoader:240 - Cannot read IP mode file for STMicroelectronics.X-CUBE-MEMS1.9.6.0
2023-07-24 16:10:09,730 [WARN] PackLoader:240 - Cannot read IP mode file for emotas.I-CUBE-CANOPEN.1.1.3
2023-07-24 16:10:09,737 [WARN] PackLoader:240 - Cannot read IP mode file for STMicroelectronics.X-CUBE-BLEMGR.2.0.0
2023-07-24 16:10:09,749 [WARN] ConditionMgr:438 - getConditionDescription Invalid condition id : UX DEVICE CLASS RTOS Condition cause : null
2023-07-24 16:10:09,749 [WARN] ConditionMgr:438 - getConditionDescription Invalid condition id : UX DEVICE CLASS RTOS Condition cause : null
2023-07-24 16:10:09,751 [WARN] PackLoader:240 - Cannot read IP mode file for STMicroelectronics.X-CUBE-AZRTOS-H7.3.1.0
2023-07-24 16:10:09,752 [WARN] ConditionMgr:1039 - genDependencies : Invalid condition id : UX DEVICE CLASS RTOS Condition cause : null
2023-07-24 16:10:09,752 [WARN] ConditionMgr:1039 - genDependencies : Invalid condition id : UX DEVICE CLASS RTOS Condition cause : null
2023-07-24 16:10:09,753 [WARN] ConditionMgr:1039 - genDependencies : Invalid condition id : UX DEVICE CLASS RTOS Condition cause : null
2023-07-24 16:10:09,753 [WARN] ConditionMgr:1039 - genDependencies : Invalid condition id : UX DEVICE CLASS RTOS Condition cause : null
2023-07-24 16:10:09,753 [WARN] ConditionMgr:1039 - genDependencies : Invalid condition id : UX DEVICE CLASS RTOS Condition cause : null
2023-07-24 16:10:09,757 [WARN] PackLoader:240 - Cannot read IP mode file for STMicroelectronics.X-CUBE-NFC7.1.0.1
2023-07-24 16:10:09,761 [WARN] PackLoader:240 - Cannot read IP mode file for STMicroelectronics.X-CUBE-EEPRMA1.4.1.0
2023-07-24 16:10:09,772 [WARN] ConditionMgr:438 - getConditionDescription Invalid condition id : LAN8742 Phy interface Condition cause : null
2023-07-24 16:10:09,773 [WARN] PackLoader:240 - Cannot read IP mode file for STMicroelectronics.X-CUBE-AZRTOS-L4.2.0.0
2023-07-24 16:10:09,774 [WARN] ConditionMgr:1039 - genDependencies : Invalid condition id : LAN8742 Phy interface Condition cause : null
2023-07-24 16:10:09,774 [WARN] ConditionMgr:1039 - genDependencies : Invalid condition id : LAN8742 Phy interface Condition cause : null
2023-07-24 16:10:09,774 [WARN] ConditionMgr:1039 - genDependencies : Invalid condition id : LAN8742 Phy interface Condition cause : null
2023-07-24 16:10:09,779 [WARN] PackLoader:240 - Cannot read IP mode file for STMicroelectronics.X-CUBE-SFXS2LP1.4.0.0
2023-07-24 16:10:09,782 [WARN] PackLoader:240 - Cannot read IP mode file for STMicroelectronics.X-CUBE-ISPU.1.1.0
2023-07-24 16:10:09,785 [WARN] PackLoader:240 - Cannot read IP mode file for STMicroelectronics.X-CUBE-FREERTOS.1.0.1
2023-07-24 16:10:09,794 [WARN] PackLoader:240 - Cannot read IP mode file for STMicroelectronics.X-CUBE-AZRTOS-L5.1.1.0
2023-07-24 16:10:09,797 [WARN] PackLoader:240 - Cannot read IP mode file for STMicroelectronics.X-CUBE-AI.8.0.1
2023-07-24 16:10:09,803 [WARN] PackLoader:240 - Cannot read IP mode file for STMicroelectronics.X-CUBE-SUBG2.5.0.0
2023-07-24 16:10:09,814 [WARN] PackLoader:240 - Cannot read IP mode file for STMicroelectronics.X-CUBE-TOF1.3.3.1
2023-07-24 16:10:09,832 [WARN] PackLoader:240 - Cannot read IP mode file for STMicroelectronics.X-CUBE-AZRTOS-G4.2.0.0
2023-07-24 16:10:09,838 [WARN] PackLoader:240 - Cannot read IP mode file for STMicroelectronics.X-CUBE-TOF1.3.3.0
2023-07-24 16:10:09,846 [WARN] PackLoader:240 - Cannot read IP mode file for portGmbH.I-Cube-SoM-uGOAL.1.1.0
2023-07-24 16:10:09,849 [WARN] PackLoader:240 - Cannot read IP mode file for STMicroelectronics.X-CUBE-ALS.1.0.1
2023-07-24 16:10:09,856 [WARN] PackLoader:240 - Cannot read IP mode file for STMicroelectronics.X-CUBE-AZRTOS-WB.1.1.0
2023-07-24 16:10:09,859 [WARN] PackLoader:240 - Cannot read IP mode file for STMicroelectronics.FP-ATR-ASTRA1.2.0.0
2023-07-24 16:10:09,860 [INFO] ThirdParty:978 - Integrity check success = true
2023-07-24 16:10:09,860 [INFO] IntegrityCheckThread:100 - exiting critical section [integrity check]
2023-07-24 16:10:09,860 [INFO] IntegrityCheckThread:103 - End integrity checks thread
